[2025-09-17 22:22:21] 📦 Установка dialog...
[2025-09-18 12:52:40] ⬇️ Установка DE: i3
[2025-09-18 13:28:18] ⬇️ Установка DE: budgie
[2025-09-18 13:34:54] 📦 Создание бэкапа конфигов i3 → /media/andrey/6c6263b8-a3e0-47f0-9bd7-59530a511bdf/tools/de-manager/backups/i3_config_backup_20250918_133454.tar.gz
[2025-09-18 13:34:56] 🗑️ Удаление DE: i3
[2025-09-18 13:35:10] ✅ Удаление i3 завершено
[2025-09-18 14:01:46] ⬇️ Установка DE: gnome
[2025-09-18 14:14:27] 📦 Создание бэкапа конфигов budgie → /media/andrey/6c6263b8-a3e0-47f0-9bd7-59530a511bdf/tools/de-manager/backups/budgie_config_backup_20250918_141427.tar.gz
[2025-09-18 14:14:34] 🗑️ Удаление DE: budgie
[2025-09-18 14:14:35] 🛡️  ЗАЩИЩЕНО от удаления: xfce4* (нужно для других DE или системы)
[2025-09-18 14:14:35] 🛡️  ЗАЩИЩЕНО от удаления: thunar (нужно для других DE или системы)
[2025-09-18 14:14:35] 🛡️  ЗАЩИЩЕНО от удаления: lightdm (нужно для других DE или системы)
[2025-09-18 14:14:35] 🗑️ Безопасное удаление: [2025-09-18 14:14:35] 🛡️  ЗАЩИЩЕНО от удаления: xfce4* (нужно для других DE или системы)
[2025-09-18 14:14:35] 🛡️  ЗАЩИЩЕНО от удаления: thunar (нужно для других DE или системы)
[2025-09-18 14:14:35] 🛡️  ЗАЩИЩЕНО от удаления: lightdm (нужно для других DE или системы)
[2025-09-18 14:14:39] ✅ Удаление budgie завершено
[2025-09-18 14:14:45] 📦 Создание бэкапа конфигов gnome → /media/andrey/6c6263b8-a3e0-47f0-9bd7-59530a511bdf/tools/de-manager/backups/gnome_config_backup_20250918_141445.tar.gz
[2025-09-18 14:14:46] 🗑️ Удаление DE: gnome
[2025-09-18 14:14:47] 🛡️  ЗАЩИЩЕНО от удаления: xfce4* (нужно для других DE или системы)
[2025-09-18 14:14:47] 🛡️  ЗАЩИЩЕНО от удаления: thunar (нужно для других DE или системы)
[2025-09-18 14:14:47] 🛡️  ЗАЩИЩЕНО от удаления: lightdm (нужно для других DE или системы)
[2025-09-18 14:14:47] 🗑️ Безопасное удаление: [2025-09-18 14:14:47] 🛡️  ЗАЩИЩЕНО от удаления: xfce4* (нужно для других DE или системы)
[2025-09-18 14:14:47] 🛡️  ЗАЩИЩЕНО от удаления: thunar (нужно для других DE или системы)
[2025-09-18 14:14:47] 🛡️  ЗАЩИЩЕНО от удаления: lightdm (нужно для других DE или системы)
[2025-09-18 14:14:50] ✅ Удаление gnome завершено
